0 info it worked if it ends with ok
1 verbose cli [ '/usr/local/bin/node',
1 verbose cli   '/usr/local/bin/npm',
1 verbose cli   'install',
1 verbose cli   '--save',
1 verbose cli   'bcrypt' ]
2 info using npm@3.3.12
3 info using node@v5.1.0
4 silly loadCurrentTree Starting
5 silly install loadCurrentTree
6 silly install readLocalPackageData
7 silly fetchPackageMetaData bcrypt
8 silly fetchNamedPackageData bcrypt
9 silly mapToRegistry name bcrypt
10 silly mapToRegistry using default registry
11 silly mapToRegistry registry https://registry.npmjs.org/
12 silly mapToRegistry uri https://registry.npmjs.org/bcrypt
13 verbose request uri https://registry.npmjs.org/bcrypt
14 verbose request no auth needed
15 info attempt registry request try #1 at 9:04:43 PM
16 verbose request id 96b7909e31f9bca9
17 http request GET https://registry.npmjs.org/bcrypt
18 http 200 https://registry.npmjs.org/bcrypt
19 verbose headers { server: 'CouchDB/1.5.0 (Erlang OTP/R16B03)',
19 verbose headers   etag: '"6LUPUOZ9D2SMWBOR76BS0JC6F"',
19 verbose headers   'content-type': 'application/json',
19 verbose headers   'content-encoding': 'gzip',
19 verbose headers   'cache-control': 'max-age=300',
19 verbose headers   'content-length': '11978',
19 verbose headers   'accept-ranges': 'bytes',
19 verbose headers   date: 'Fri, 11 Nov 2016 20:04:42 GMT',
19 verbose headers   via: '1.1 varnish',
19 verbose headers   age: '175',
19 verbose headers   connection: 'keep-alive',
19 verbose headers   'x-served-by': 'cache-fra1247-FRA',
19 verbose headers   'x-cache': 'HIT',
19 verbose headers   'x-cache-hits': '1',
19 verbose headers   'x-timer': 'S1478894682.557592,VS0,VE0',
19 verbose headers   vary: 'Accept-Encoding' }
20 silly get cb [ 200,
20 silly get   { server: 'CouchDB/1.5.0 (Erlang OTP/R16B03)',
20 silly get     etag: '"6LUPUOZ9D2SMWBOR76BS0JC6F"',
20 silly get     'content-type': 'application/json',
20 silly get     'content-encoding': 'gzip',
20 silly get     'cache-control': 'max-age=300',
20 silly get     'content-length': '11978',
20 silly get     'accept-ranges': 'bytes',
20 silly get     date: 'Fri, 11 Nov 2016 20:04:42 GMT',
20 silly get     via: '1.1 varnish',
20 silly get     age: '175',
20 silly get     connection: 'keep-alive',
20 silly get     'x-served-by': 'cache-fra1247-FRA',
20 silly get     'x-cache': 'HIT',
20 silly get     'x-cache-hits': '1',
20 silly get     'x-timer': 'S1478894682.557592,VS0,VE0',
20 silly get     vary: 'Accept-Encoding' } ]
21 verbose get saving bcrypt to /Users/vangos/.npm/registry.npmjs.org/bcrypt/.cache.json
22 silly install normalizeTree
23 silly loadCurrentTree Finishing
24 silly loadIdealTree Starting
25 silly install loadIdealTree
26 silly cloneCurrentTree Starting
27 silly install cloneCurrentTreeToIdealTree
28 silly cloneCurrentTree Finishing
29 silly loadShrinkwrap Starting
30 silly install loadShrinkwrap
31 silly loadShrinkwrap Finishing
32 silly loadAllDepsIntoIdealTree Starting
33 silly install loadAllDepsIntoIdealTree
34 silly resolveWithNewModule bcrypt@0.8.7 checking installable status
35 silly cache add args [ 'bcrypt', null ]
36 verbose cache add spec bcrypt
37 silly cache add parsed spec Result {
37 silly cache add   raw: 'bcrypt',
37 silly cache add   scope: null,
37 silly cache add   name: 'bcrypt',
37 silly cache add   rawSpec: '',
37 silly cache add   spec: '*',
37 silly cache add   type: 'range' }
38 silly addNamed bcrypt@*
39 verbose addNamed "*" is a valid semver range for bcrypt
40 silly addNameRange { name: 'bcrypt', range: '*', hasData: false }
41 silly mapToRegistry name bcrypt
42 silly mapToRegistry using default registry
43 silly mapToRegistry registry https://registry.npmjs.org/
44 silly mapToRegistry uri https://registry.npmjs.org/bcrypt
45 verbose addNameRange registry:https://registry.npmjs.org/bcrypt not in flight; fetching
46 verbose get https://registry.npmjs.org/bcrypt not expired, no request
47 silly addNameRange number 2 { name: 'bcrypt', range: '*', hasData: true }
48 silly addNameRange versions [ 'bcrypt',
48 silly addNameRange   [ '0.1.2',
48 silly addNameRange     '0.2.0',
48 silly addNameRange     '0.2.1',
48 silly addNameRange     '0.1.3',
48 silly addNameRange     '0.2.2',
48 silly addNameRange     '0.2.3',
48 silly addNameRange     '0.2.4',
48 silly addNameRange     '0.3.0',
48 silly addNameRange     '0.3.1',
48 silly addNameRange     '0.3.2',
48 silly addNameRange     '0.4.0',
48 silly addNameRange     '0.4.1',
48 silly addNameRange     '0.5.0',
48 silly addNameRange     '0.6.0',
48 silly addNameRange     '0.7.0',
48 silly addNameRange     '0.7.1',
48 silly addNameRange     '0.7.2',
48 silly addNameRange     '0.7.3',
48 silly addNameRange     '0.7.4',
48 silly addNameRange     '0.7.5',
48 silly addNameRange     '0.7.6',
48 silly addNameRange     '0.7.7',
48 silly addNameRange     '0.7.8',
48 silly addNameRange     '0.8.0',
48 silly addNameRange     '0.8.1',
48 silly addNameRange     '0.8.2',
48 silly addNameRange     '0.8.3',
48 silly addNameRange     '0.8.4',
48 silly addNameRange     '0.8.5',
48 silly addNameRange     '0.8.6',
48 silly addNameRange     '0.8.7' ] ]
49 silly addNamed bcrypt@0.8.7
50 verbose addNamed "0.8.7" is a plain semver version for bcrypt
51 silly mapToRegistry name bcrypt
52 silly mapToRegistry using default registry
53 silly mapToRegistry registry https://registry.npmjs.org/
54 silly mapToRegistry uri https://registry.npmjs.org/bcrypt
55 verbose addRemoteTarball https://registry.npmjs.org/bcrypt/-/bcrypt-0.8.7.tgz not in flight; adding
56 verbose addRemoteTarball [ 'https://registry.npmjs.org/bcrypt/-/bcrypt-0.8.7.tgz',
56 verbose addRemoteTarball   'bc3875a9afd0a7b2cd231a6a7f218a5ce156b093' ]
57 info retry fetch attempt 1 at 9:04:43 PM
58 info attempt registry request try #1 at 9:04:43 PM
59 http fetch GET https://registry.npmjs.org/bcrypt/-/bcrypt-0.8.7.tgz
60 http fetch 200 https://registry.npmjs.org/bcrypt/-/bcrypt-0.8.7.tgz
61 silly fetchAndShaCheck shasum bc3875a9afd0a7b2cd231a6a7f218a5ce156b093
62 verbose addTmpTarball /var/folders/7_/fcntmhgj74x9s6_34k_9tk380000gn/T/npm-31570-ab69fb29/registry.npmjs.org/bcrypt/-/bcrypt-0.8.7.tgz not in flight; adding
63 verbose addTmpTarball already have metadata; skipping unpack for bcrypt@0.8.7
64 silly cache afterAdd bcrypt@0.8.7
65 verbose afterAdd /Users/vangos/.npm/bcrypt/0.8.7/package/package.json not in flight; writing
66 verbose afterAdd /Users/vangos/.npm/bcrypt/0.8.7/package/package.json written
67 silly fetchNamedPackageData bindings
68 silly mapToRegistry name bindings
69 silly mapToRegistry using default registry
70 silly mapToRegistry registry https://registry.npmjs.org/
71 silly mapToRegistry uri https://registry.npmjs.org/bindings
72 silly fetchNamedPackageData nan
73 silly mapToRegistry name nan
74 silly mapToRegistry using default registry
75 silly mapToRegistry registry https://registry.npmjs.org/
76 silly mapToRegistry uri https://registry.npmjs.org/nan
77 verbose request uri https://registry.npmjs.org/bindings
78 verbose request no auth needed
79 info attempt registry request try #1 at 9:04:43 PM
80 http request GET https://registry.npmjs.org/bindings
81 verbose request uri https://registry.npmjs.org/nan
82 verbose request no auth needed
83 info attempt registry request try #1 at 9:04:43 PM
84 verbose etag "2QXFPVXUU9DUUTAACVV4FOU2Z"
85 http request GET https://registry.npmjs.org/nan
86 http 200 https://registry.npmjs.org/bindings
87 verbose headers { server: 'CouchDB/1.5.0 (Erlang OTP/R16B03)',
87 verbose headers   etag: '"8QW29MHCPCE6VJCVI3QVXRJAQ"',
87 verbose headers   'content-type': 'application/json',
87 verbose headers   'content-encoding': 'gzip',
87 verbose headers   'cache-control': 'max-age=300',
87 verbose headers   'content-length': '3832',
87 verbose headers   'accept-ranges': 'bytes',
87 verbose headers   date: 'Fri, 11 Nov 2016 20:04:42 GMT',
87 verbose headers   via: '1.1 varnish',
87 verbose headers   age: '106',
87 verbose headers   connection: 'keep-alive',
87 verbose headers   'x-served-by': 'cache-fra1228-FRA',
87 verbose headers   'x-cache': 'HIT',
87 verbose headers   'x-cache-hits': '350',
87 verbose headers   'x-timer': 'S1478894682.830568,VS0,VE0',
87 verbose headers   vary: 'Accept-Encoding' }
88 silly get cb [ 200,
88 silly get   { server: 'CouchDB/1.5.0 (Erlang OTP/R16B03)',
88 silly get     etag: '"8QW29MHCPCE6VJCVI3QVXRJAQ"',
88 silly get     'content-type': 'application/json',
88 silly get     'content-encoding': 'gzip',
88 silly get     'cache-control': 'max-age=300',
88 silly get     'content-length': '3832',
88 silly get     'accept-ranges': 'bytes',
88 silly get     date: 'Fri, 11 Nov 2016 20:04:42 GMT',
88 silly get     via: '1.1 varnish',
88 silly get     age: '106',
88 silly get     connection: 'keep-alive',
88 silly get     'x-served-by': 'cache-fra1228-FRA',
88 silly get     'x-cache': 'HIT',
88 silly get     'x-cache-hits': '350',
88 silly get     'x-timer': 'S1478894682.830568,VS0,VE0',
88 silly get     vary: 'Accept-Encoding' } ]
89 verbose get saving bindings to /Users/vangos/.npm/registry.npmjs.org/bindings/.cache.json
90 silly resolveWithNewModule bindings@1.2.1 checking installable status
91 silly cache add args [ 'bindings@1.2.1', null ]
92 verbose cache add spec bindings@1.2.1
93 silly cache add parsed spec Result {
93 silly cache add   raw: 'bindings@1.2.1',
93 silly cache add   scope: null,
93 silly cache add   name: 'bindings',
93 silly cache add   rawSpec: '1.2.1',
93 silly cache add   spec: '1.2.1',
93 silly cache add   type: 'version' }
94 silly addNamed bindings@1.2.1
95 verbose addNamed "1.2.1" is a plain semver version for bindings
96 silly mapToRegistry name bindings
97 silly mapToRegistry using default registry
98 silly mapToRegistry registry https://registry.npmjs.org/
99 silly mapToRegistry uri https://registry.npmjs.org/bindings
100 verbose addNameVersion registry:https://registry.npmjs.org/bindings not in flight; fetching
101 verbose get https://registry.npmjs.org/bindings not expired, no request
102 silly mapToRegistry name bindings
103 silly mapToRegistry using default registry
104 silly mapToRegistry registry https://registry.npmjs.org/
105 silly mapToRegistry uri https://registry.npmjs.org/bindings
106 verbose addRemoteTarball https://registry.npmjs.org/bindings/-/bindings-1.2.1.tgz not in flight; adding
107 verbose addRemoteTarball [ 'https://registry.npmjs.org/bindings/-/bindings-1.2.1.tgz',
107 verbose addRemoteTarball   '14ad6113812d2d37d72e67b4cacb4bb726505f11' ]
108 info retry fetch attempt 1 at 9:04:43 PM
109 info attempt registry request try #1 at 9:04:43 PM
110 http fetch GET https://registry.npmjs.org/bindings/-/bindings-1.2.1.tgz
111 http 200 https://registry.npmjs.org/nan
112 verbose headers { server: 'CouchDB/1.6.1 (Erlang OTP/R16B03)',
112 verbose headers   etag: '"64LN9YQI6X4XTPFBYZLET8KF2"',
112 verbose headers   'content-type': 'application/json',
112 verbose headers   'content-encoding': 'gzip',
112 verbose headers   'cache-control': 'max-age=300',
112 verbose headers   'content-length': '17191',
112 verbose headers   'accept-ranges': 'bytes',
112 verbose headers   date: 'Fri, 11 Nov 2016 20:04:42 GMT',
112 verbose headers   via: '1.1 varnish',
112 verbose headers   age: '291',
112 verbose headers   connection: 'keep-alive',
112 verbose headers   'x-served-by': 'cache-fra1240-FRA',
112 verbose headers   'x-cache': 'HIT',
112 verbose headers   'x-cache-hits': '4',
112 verbose headers   'x-timer': 'S1478894682.837707,VS0,VE0',
112 verbose headers   vary: 'Accept-Encoding' }
113 silly get cb [ 200,
113 silly get   { server: 'CouchDB/1.6.1 (Erlang OTP/R16B03)',
113 silly get     etag: '"64LN9YQI6X4XTPFBYZLET8KF2"',
113 silly get     'content-type': 'application/json',
113 silly get     'content-encoding': 'gzip',
113 silly get     'cache-control': 'max-age=300',
113 silly get     'content-length': '17191',
113 silly get     'accept-ranges': 'bytes',
113 silly get     date: 'Fri, 11 Nov 2016 20:04:42 GMT',
113 silly get     via: '1.1 varnish',
113 silly get     age: '291',
113 silly get     connection: 'keep-alive',
113 silly get     'x-served-by': 'cache-fra1240-FRA',
113 silly get     'x-cache': 'HIT',
113 silly get     'x-cache-hits': '4',
113 silly get     'x-timer': 'S1478894682.837707,VS0,VE0',
113 silly get     vary: 'Accept-Encoding' } ]
114 verbose get saving nan to /Users/vangos/.npm/registry.npmjs.org/nan/.cache.json
115 silly resolveWithNewModule nan@2.3.5 checking installable status
116 silly cache add args [ 'nan@2.3.5', null ]
117 verbose cache add spec nan@2.3.5
118 silly cache add parsed spec Result {
118 silly cache add   raw: 'nan@2.3.5',
118 silly cache add   scope: null,
118 silly cache add   name: 'nan',
118 silly cache add   rawSpec: '2.3.5',
118 silly cache add   spec: '2.3.5',
118 silly cache add   type: 'version' }
119 silly addNamed nan@2.3.5
120 verbose addNamed "2.3.5" is a plain semver version for nan
121 silly mapToRegistry name nan
122 silly mapToRegistry using default registry
123 silly mapToRegistry registry https://registry.npmjs.org/
124 silly mapToRegistry uri https://registry.npmjs.org/nan
125 verbose addNameVersion registry:https://registry.npmjs.org/nan not in flight; fetching
126 verbose get https://registry.npmjs.org/nan not expired, no request
127 silly mapToRegistry name nan
128 silly mapToRegistry using default registry
129 silly mapToRegistry registry https://registry.npmjs.org/
130 silly mapToRegistry uri https://registry.npmjs.org/nan
131 verbose addRemoteTarball https://registry.npmjs.org/nan/-/nan-2.3.5.tgz not in flight; adding
132 verbose addRemoteTarball [ 'https://registry.npmjs.org/nan/-/nan-2.3.5.tgz',
132 verbose addRemoteTarball   '822a0dc266290ce4cd3a12282ca3e7e364668a08' ]
133 info retry fetch attempt 1 at 9:04:43 PM
134 info attempt registry request try #1 at 9:04:43 PM
135 http fetch GET https://registry.npmjs.org/nan/-/nan-2.3.5.tgz
136 http fetch 200 https://registry.npmjs.org/bindings/-/bindings-1.2.1.tgz
137 silly fetchAndShaCheck shasum 14ad6113812d2d37d72e67b4cacb4bb726505f11
138 verbose addTmpTarball /var/folders/7_/fcntmhgj74x9s6_34k_9tk380000gn/T/npm-31570-ab69fb29/registry.npmjs.org/bindings/-/bindings-1.2.1.tgz not in flight; adding
139 verbose addTmpTarball already have metadata; skipping unpack for bindings@1.2.1
140 silly cache afterAdd bindings@1.2.1
141 verbose afterAdd /Users/vangos/.npm/bindings/1.2.1/package/package.json not in flight; writing
142 verbose afterAdd /Users/vangos/.npm/bindings/1.2.1/package/package.json written
143 http fetch 200 https://registry.npmjs.org/nan/-/nan-2.3.5.tgz
144 silly fetchAndShaCheck shasum 822a0dc266290ce4cd3a12282ca3e7e364668a08
145 verbose addTmpTarball /var/folders/7_/fcntmhgj74x9s6_34k_9tk380000gn/T/npm-31570-ab69fb29/registry.npmjs.org/nan/-/nan-2.3.5.tgz not in flight; adding
146 verbose addTmpTarball already have metadata; skipping unpack for nan@2.3.5
147 silly cache afterAdd nan@2.3.5
148 verbose afterAdd /Users/vangos/.npm/nan/2.3.5/package/package.json not in flight; writing
149 verbose afterAdd /Users/vangos/.npm/nan/2.3.5/package/package.json written
150 silly loadAllDepsIntoIdealTree Finishing
151 silly idealTree:prePrune seed-admin-meteorjs@
151 silly idealTree:prePrune ├── asap@2.0.5
151 silly idealTree:prePrune ├── bcrypt@0.8.7
151 silly idealTree:prePrune ├── bindings@1.2.1
151 silly idealTree:prePrune ├── bootstrap-touchspin@3.1.1
151 silly idealTree:prePrune ├── core-js@1.2.7
151 silly idealTree:prePrune ├── encoding@0.1.12
151 silly idealTree:prePrune ├── fbjs@0.8.5
151 silly idealTree:prePrune ├── history@3.2.1
151 silly idealTree:prePrune ├── hoist-non-react-statics@1.2.0
151 silly idealTree:prePrune ├── iconv-lite@0.4.13
151 silly idealTree:prePrune ├── immutable@3.8.1
151 silly idealTree:prePrune ├── invariant@2.2.1
151 silly idealTree:prePrune ├── is-stream@1.1.0
151 silly idealTree:prePrune ├── isomorphic-fetch@2.2.1
151 silly idealTree:prePrune ├── jquery-knob@1.2.11
151 silly idealTree:prePrune ├── js-tokens@2.0.0
151 silly idealTree:prePrune ├── loose-envify@1.3.0
151 silly idealTree:prePrune ├── nan@2.3.5
151 silly idealTree:prePrune ├── node-fetch@1.6.3
151 silly idealTree:prePrune ├── object-assign@4.1.0
151 silly idealTree:prePrune ├── promise@7.1.1
151 silly idealTree:prePrune ├── query-string@4.2.3
151 silly idealTree:prePrune ├── react-addons-pure-render-mixin@15.3.2
151 silly idealTree:prePrune ├── react-classset@0.0.2
151 silly idealTree:prePrune ├── react-dom@15.3.2
151 silly idealTree:prePrune ├── react-router@3.0.0
151 silly idealTree:prePrune ├── react@15.3.2
151 silly idealTree:prePrune ├── strict-uri-encode@1.1.0
151 silly idealTree:prePrune ├── ua-parser-js@0.7.10
151 silly idealTree:prePrune ├── warning@3.0.0
151 silly idealTree:prePrune └── whatwg-fetch@1.0.0
152 silly loadIdealTree Finishing
153 silly currentTree seed-admin-meteorjs@
153 silly currentTree ├── asap@2.0.5
153 silly currentTree ├── bootstrap-touchspin@3.1.1
153 silly currentTree ├── core-js@1.2.7
153 silly currentTree ├── encoding@0.1.12
153 silly currentTree ├── fbjs@0.8.5
153 silly currentTree ├── history@3.2.1
153 silly currentTree ├── hoist-non-react-statics@1.2.0
153 silly currentTree ├── iconv-lite@0.4.13
153 silly currentTree ├── immutable@3.8.1
153 silly currentTree ├── invariant@2.2.1
153 silly currentTree ├── is-stream@1.1.0
153 silly currentTree ├── isomorphic-fetch@2.2.1
153 silly currentTree ├── jquery-knob@1.2.11
153 silly currentTree ├── js-tokens@2.0.0
153 silly currentTree ├── loose-envify@1.3.0
153 silly currentTree ├── node-fetch@1.6.3
153 silly currentTree ├── object-assign@4.1.0
153 silly currentTree ├── promise@7.1.1
153 silly currentTree ├── query-string@4.2.3
153 silly currentTree ├── react-addons-pure-render-mixin@15.3.2
153 silly currentTree ├── react-classset@0.0.2
153 silly currentTree ├── react-dom@15.3.2
153 silly currentTree ├── react-router@3.0.0
153 silly currentTree ├── react@15.3.2
153 silly currentTree ├── strict-uri-encode@1.1.0
153 silly currentTree ├── ua-parser-js@0.7.10
153 silly currentTree ├── warning@3.0.0
153 silly currentTree └── whatwg-fetch@1.0.0
154 silly idealTree seed-admin-meteorjs@
154 silly idealTree ├── asap@2.0.5
154 silly idealTree ├── bcrypt@0.8.7
154 silly idealTree ├── bindings@1.2.1
154 silly idealTree ├── bootstrap-touchspin@3.1.1
154 silly idealTree ├── core-js@1.2.7
154 silly idealTree ├── encoding@0.1.12
154 silly idealTree ├── fbjs@0.8.5
154 silly idealTree ├── history@3.2.1
154 silly idealTree ├── hoist-non-react-statics@1.2.0
154 silly idealTree ├── iconv-lite@0.4.13
154 silly idealTree ├── immutable@3.8.1
154 silly idealTree ├── invariant@2.2.1
154 silly idealTree ├── is-stream@1.1.0
154 silly idealTree ├── isomorphic-fetch@2.2.1
154 silly idealTree ├── jquery-knob@1.2.11
154 silly idealTree ├── js-tokens@2.0.0
154 silly idealTree ├── loose-envify@1.3.0
154 silly idealTree ├── nan@2.3.5
154 silly idealTree ├── node-fetch@1.6.3
154 silly idealTree ├── object-assign@4.1.0
154 silly idealTree ├── promise@7.1.1
154 silly idealTree ├── query-string@4.2.3
154 silly idealTree ├── react-addons-pure-render-mixin@15.3.2
154 silly idealTree ├── react-classset@0.0.2
154 silly idealTree ├── react-dom@15.3.2
154 silly idealTree ├── react-router@3.0.0
154 silly idealTree ├── react@15.3.2
154 silly idealTree ├── strict-uri-encode@1.1.0
154 silly idealTree ├── ua-parser-js@0.7.10
154 silly idealTree ├── warning@3.0.0
154 silly idealTree └── whatwg-fetch@1.0.0
155 silly generateActionsToTake Starting
156 silly install generateActionsToTake
157 silly generateActionsToTake Finishing
158 silly diffTrees action count 3
159 silly diffTrees add bindings@1.2.1
160 silly diffTrees add nan@2.3.5
161 silly diffTrees add bcrypt@0.8.7
162 silly decomposeActions action count 24
163 silly decomposeActions fetch bindings@1.2.1
164 silly decomposeActions extract bindings@1.2.1
165 silly decomposeActions preinstall bindings@1.2.1
166 silly decomposeActions build bindings@1.2.1
167 silly decomposeActions install bindings@1.2.1
168 silly decomposeActions postinstall bindings@1.2.1
169 silly decomposeActions test bindings@1.2.1
170 silly decomposeActions finalize bindings@1.2.1
171 silly decomposeActions fetch nan@2.3.5
172 silly decomposeActions extract nan@2.3.5
173 silly decomposeActions preinstall nan@2.3.5
174 silly decomposeActions build nan@2.3.5
175 silly decomposeActions install nan@2.3.5
176 silly decomposeActions postinstall nan@2.3.5
177 silly decomposeActions test nan@2.3.5
178 silly decomposeActions finalize nan@2.3.5
179 silly decomposeActions fetch bcrypt@0.8.7
180 silly decomposeActions extract bcrypt@0.8.7
181 silly decomposeActions preinstall bcrypt@0.8.7
182 silly decomposeActions build bcrypt@0.8.7
183 silly decomposeActions install bcrypt@0.8.7
184 silly decomposeActions postinstall bcrypt@0.8.7
185 silly decomposeActions test bcrypt@0.8.7
186 silly decomposeActions finalize bcrypt@0.8.7
187 silly executeActions Starting
188 silly install executeActions
189 silly doSerial global-install 0
190 silly doParallel fetch 3
191 verbose lock using /Users/vangos/.npm/_locks/staging-ff7c4f3571b9956e.lock for /Users/vangos/Development/git/meteorjs/seed-admin-meteorjs/node_modules/.staging
192 silly doParallel extract 3
193 silly extract bindings@1.2.1
194 silly extract nan@2.3.5
195 silly extract bcrypt@0.8.7
196 verbose unbuild node_modules/.staging/bindings-e329cae5fd2083636544d82c70feb3bf
197 verbose unbuild node_modules/.staging/nan-0aed6c4922c478ea9a4f4bb8bf57fddd
198 verbose unbuild node_modules/.staging/bcrypt-ae0d80eccda8d84298969129b2c43e5a
199 silly gentlyRm /Users/vangos/Development/git/meteorjs/seed-admin-meteorjs/node_modules/.staging/bindings-e329cae5fd2083636544d82c70feb3bf is being purged from base /Users/vangos/Development/git/meteorjs/seed-admin-meteorjs
200 silly gentlyRm /Users/vangos/Development/git/meteorjs/seed-admin-meteorjs/node_modules/.staging/nan-0aed6c4922c478ea9a4f4bb8bf57fddd is being purged from base /Users/vangos/Development/git/meteorjs/seed-admin-meteorjs
201 silly gentlyRm /Users/vangos/Development/git/meteorjs/seed-admin-meteorjs/node_modules/.staging/bcrypt-ae0d80eccda8d84298969129b2c43e5a is being purged from base /Users/vangos/Development/git/meteorjs/seed-admin-meteorjs
202 verbose gentlyRm don't care about contents; nuking /Users/vangos/Development/git/meteorjs/seed-admin-meteorjs/node_modules/.staging/bindings-e329cae5fd2083636544d82c70feb3bf
203 verbose gentlyRm don't care about contents; nuking /Users/vangos/Development/git/meteorjs/seed-admin-meteorjs/node_modules/.staging/nan-0aed6c4922c478ea9a4f4bb8bf57fddd
204 verbose gentlyRm don't care about contents; nuking /Users/vangos/Development/git/meteorjs/seed-admin-meteorjs/node_modules/.staging/bcrypt-ae0d80eccda8d84298969129b2c43e5a
205 verbose tar unpack /Users/vangos/.npm/bindings/1.2.1/package.tgz
206 verbose tar unpacking to /Users/vangos/Development/git/meteorjs/seed-admin-meteorjs/node_modules/.staging/bindings-e329cae5fd2083636544d82c70feb3bf
207 silly gentlyRm /Users/vangos/Development/git/meteorjs/seed-admin-meteorjs/node_modules/.staging/bindings-e329cae5fd2083636544d82c70feb3bf is being purged
208 verbose tar unpack /Users/vangos/.npm/nan/2.3.5/package.tgz
209 verbose tar unpacking to /Users/vangos/Development/git/meteorjs/seed-admin-meteorjs/node_modules/.staging/nan-0aed6c4922c478ea9a4f4bb8bf57fddd
210 silly gentlyRm /Users/vangos/Development/git/meteorjs/seed-admin-meteorjs/node_modules/.staging/nan-0aed6c4922c478ea9a4f4bb8bf57fddd is being purged
211 verbose tar unpack /Users/vangos/.npm/bcrypt/0.8.7/package.tgz
212 verbose tar unpacking to /Users/vangos/Development/git/meteorjs/seed-admin-meteorjs/node_modules/.staging/bcrypt-ae0d80eccda8d84298969129b2c43e5a
213 silly gentlyRm /Users/vangos/Development/git/meteorjs/seed-admin-meteorjs/node_modules/.staging/bcrypt-ae0d80eccda8d84298969129b2c43e5a is being purged
214 verbose gentlyRm don't care about contents; nuking /Users/vangos/Development/git/meteorjs/seed-admin-meteorjs/node_modules/.staging/bindings-e329cae5fd2083636544d82c70feb3bf
215 verbose gentlyRm don't care about contents; nuking /Users/vangos/Development/git/meteorjs/seed-admin-meteorjs/node_modules/.staging/nan-0aed6c4922c478ea9a4f4bb8bf57fddd
216 verbose gentlyRm don't care about contents; nuking /Users/vangos/Development/git/meteorjs/seed-admin-meteorjs/node_modules/.staging/bcrypt-ae0d80eccda8d84298969129b2c43e5a
217 silly gunzTarPerm modes [ '755', '644' ]
218 silly gunzTarPerm modes [ '755', '644' ]
219 silly gunzTarPerm modes [ '755', '644' ]
220 silly gunzTarPerm extractEntry package.json
221 silly gunzTarPerm extractEntry package.json
222 silly gunzTarPerm modified mode [ 'package.json', 436, 420 ]
223 silly gunzTarPerm extractEntry package.json
224 silly gunzTarPerm extractEntry README.md
225 silly gunzTarPerm extractEntry bindings.js
226 silly gunzTarPerm extractEntry README.md
227 silly gunzTarPerm modified mode [ 'README.md', 436, 420 ]
228 silly gunzTarPerm extractEntry .npmignore
229 silly gunzTarPerm extractEntry README.md
230 silly gunzTarPerm extractEntry include_dirs.js
231 silly gunzTarPerm modified mode [ 'include_dirs.js', 436, 420 ]
232 silly gunzTarPerm extractEntry LICENSE
233 silly gunzTarPerm extractEntry bcrypt.js
234 silly gunzTarPerm extractEntry Makefile
235 silly gunzTarPerm extractEntry .travis.yml
236 silly gunzTarPerm extractEntry CHANGELOG.md
237 silly gunzTarPerm extractEntry binding.gyp
238 silly gunzTarPerm extractEntry examples/async_compare.js
239 silly gunzTarPerm extractEntry examples/forever_gen_salt.js
240 silly gunzTarPerm extractEntry test/async.js
241 silly gunzTarPerm extractEntry test/repetitions.js
242 silly gunzTarPerm extractEntry test/sync.js
243 silly gunzTarPerm extractEntry ISSUE_TEMPLATE.md
244 silly gunzTarPerm extractEntry src/bcrypt.cc
245 silly gunzTarPerm extractEntry src/bcrypt_node.cc
246 silly gunzTarPerm extractEntry src/blowfish.cc
247 silly gunzTarPerm extractEntry src/node_blf.h
248 silly gunzTarPerm extractEntry werker.yml
249 silly gunzTarPerm extractEntry nan_converters.h
250 silly gunzTarPerm modified mode [ 'nan_converters.h', 436, 420 ]
251 silly gunzTarPerm extractEntry LICENSE.md
252 silly gunzTarPerm modified mode [ 'LICENSE.md', 436, 420 ]
253 silly gunzTarPerm extractEntry doc/node_misc.md
254 silly gunzTarPerm modified mode [ 'doc/node_misc.md', 436, 420 ]
255 silly gunzTarPerm extractEntry doc/asyncworker.md
256 silly gunzTarPerm modified mode [ 'doc/asyncworker.md', 436, 420 ]
257 silly gunzTarPerm extractEntry doc/callback.md
258 silly gunzTarPerm modified mode [ 'doc/callback.md', 436, 420 ]
259 silly gunzTarPerm extractEntry doc/converters.md
260 silly gunzTarPerm modified mode [ 'doc/converters.md', 436, 420 ]
261 silly gunzTarPerm extractEntry doc/errors.md
262 silly gunzTarPerm modified mode [ 'doc/errors.md', 436, 420 ]
263 silly gunzTarPerm extractEntry doc/maybe_types.md
264 silly gunzTarPerm modified mode [ 'doc/maybe_types.md', 436, 420 ]
265 silly gunzTarPerm extractEntry doc/methods.md
266 silly gunzTarPerm modified mode [ 'doc/methods.md', 436, 420 ]
267 silly gunzTarPerm extractEntry doc/new.md
268 silly gunzTarPerm modified mode [ 'doc/new.md', 436, 420 ]
269 silly gunzTarPerm extractEntry doc/buffers.md
270 silly gunzTarPerm modified mode [ 'doc/buffers.md', 436, 420 ]
271 silly gunzTarPerm extractEntry doc/object_wrappers.md
272 silly gunzTarPerm modified mode [ 'doc/object_wrappers.md', 436, 420 ]
273 silly gunzTarPerm extractEntry doc/persistent.md
274 silly gunzTarPerm modified mode [ 'doc/persistent.md', 436, 420 ]
275 silly gunzTarPerm extractEntry doc/scopes.md
276 silly gunzTarPerm modified mode [ 'doc/scopes.md', 436, 420 ]
277 silly gunzTarPerm extractEntry doc/script.md
278 silly gunzTarPerm modified mode [ 'doc/script.md', 436, 420 ]
279 silly gunzTarPerm extractEntry doc/string_bytes.md
280 silly gunzTarPerm modified mode [ 'doc/string_bytes.md', 436, 420 ]
281 silly gunzTarPerm extractEntry doc/v8_internals.md
282 silly gunzTarPerm modified mode [ 'doc/v8_internals.md', 436, 420 ]
283 silly gunzTarPerm extractEntry doc/v8_misc.md
284 silly gunzTarPerm modified mode [ 'doc/v8_misc.md', 436, 420 ]
285 silly gunzTarPerm extractEntry nan.h
286 silly gunzTarPerm modified mode [ 'nan.h', 436, 420 ]
287 silly gunzTarPerm extractEntry nan_callbacks.h
288 silly gunzTarPerm modified mode [ 'nan_callbacks.h', 436, 420 ]
289 silly gunzTarPerm extractEntry nan_callbacks_12_inl.h
290 silly gunzTarPerm modified mode [ 'nan_callbacks_12_inl.h', 436, 420 ]
291 silly gunzTarPerm extractEntry nan_callbacks_pre_12_inl.h
292 silly gunzTarPerm modified mode [ 'nan_callbacks_pre_12_inl.h', 436, 420 ]
293 silly gunzTarPerm extractEntry nan_converters_43_inl.h
294 silly gunzTarPerm modified mode [ 'nan_converters_43_inl.h', 436, 420 ]
295 silly gunzTarPerm extractEntry nan_converters_pre_43_inl.h
296 silly gunzTarPerm modified mode [ 'nan_converters_pre_43_inl.h', 436, 420 ]
297 silly gunzTarPerm extractEntry nan_implementation_12_inl.h
298 silly gunzTarPerm modified mode [ 'nan_implementation_12_inl.h', 436, 420 ]
299 silly gunzTarPerm extractEntry nan_implementation_pre_12_inl.h
300 silly gunzTarPerm modified mode [ 'nan_implementation_pre_12_inl.h', 436, 420 ]
301 silly gunzTarPerm extractEntry nan_maybe_43_inl.h
302 silly gunzTarPerm modified mode [ 'nan_maybe_43_inl.h', 436, 420 ]
303 silly gunzTarPerm extractEntry nan_maybe_pre_43_inl.h
304 silly gunzTarPerm modified mode [ 'nan_maybe_pre_43_inl.h', 436, 420 ]
305 silly gunzTarPerm extractEntry nan_new.h
306 silly gunzTarPerm modified mode [ 'nan_new.h', 436, 420 ]
307 silly gunzTarPerm extractEntry nan_object_wrap.h
308 silly gunzTarPerm modified mode [ 'nan_object_wrap.h', 436, 420 ]
309 silly gunzTarPerm extractEntry nan_persistent_12_inl.h
310 silly gunzTarPerm modified mode [ 'nan_persistent_12_inl.h', 436, 420 ]
311 silly gunzTarPerm extractEntry nan_persistent_pre_12_inl.h
312 silly gunzTarPerm modified mode [ 'nan_persistent_pre_12_inl.h', 436, 420 ]
313 silly gunzTarPerm extractEntry nan_string_bytes.h
314 silly gunzTarPerm modified mode [ 'nan_string_bytes.h', 436, 420 ]
315 silly gunzTarPerm extractEntry nan_typedarray_contents.h
316 silly gunzTarPerm modified mode [ 'nan_typedarray_contents.h', 436, 420 ]
317 silly gunzTarPerm extractEntry nan_weak.h
318 silly gunzTarPerm modified mode [ 'nan_weak.h', 436, 420 ]
319 silly gunzTarPerm extractEntry CHANGELOG.md
320 silly gunzTarPerm modified mode [ 'CHANGELOG.md', 436, 420 ]
321 silly gunzTarPerm extractEntry tools/package.json
322 silly gunzTarPerm modified mode [ 'tools/package.json', 436, 420 ]
323 silly gunzTarPerm extractEntry tools/README.md
324 silly gunzTarPerm modified mode [ 'tools/README.md', 436, 420 ]
325 silly gunzTarPerm extractEntry tools/1to2.js
326 silly gunzTarPerm modified mode [ 'tools/1to2.js', 509, 493 ]
327 silly doParallel preinstall 3
328 silly preinstall bindings@1.2.1 /Users/vangos/Development/git/meteorjs/seed-admin-meteorjs/node_modules/.staging/bindings-e329cae5fd2083636544d82c70feb3bf
329 info lifecycle bindings@1.2.1~preinstall: bindings@1.2.1
330 silly preinstall nan@2.3.5 /Users/vangos/Development/git/meteorjs/seed-admin-meteorjs/node_modules/.staging/nan-0aed6c4922c478ea9a4f4bb8bf57fddd
331 info lifecycle nan@2.3.5~preinstall: nan@2.3.5
332 silly preinstall bcrypt@0.8.7 /Users/vangos/Development/git/meteorjs/seed-admin-meteorjs/node_modules/.staging/bcrypt-ae0d80eccda8d84298969129b2c43e5a
333 info lifecycle bcrypt@0.8.7~preinstall: bcrypt@0.8.7
334 silly lifecycle bindings@1.2.1~preinstall: no script for preinstall, continuing
335 silly lifecycle nan@2.3.5~preinstall: no script for preinstall, continuing
336 silly lifecycle bcrypt@0.8.7~preinstall: no script for preinstall, continuing
337 silly doReverseSerial remove 0
338 silly doSerial move 0
339 silly doSerial finalize 3
340 silly finalize /Users/vangos/Development/git/meteorjs/seed-admin-meteorjs/node_modules/bindings
341 silly finalize /Users/vangos/Development/git/meteorjs/seed-admin-meteorjs/node_modules/nan
342 silly finalize /Users/vangos/Development/git/meteorjs/seed-admin-meteorjs/node_modules/bcrypt
343 silly doSerial build 3
344 silly build bindings@1.2.1
345 info linkStuff bindings@1.2.1
346 silly linkStuff bindings@1.2.1 has /Users/vangos/Development/git/meteorjs/seed-admin-meteorjs/node_modules as its parent node_modules
347 verbose linkBins bindings@1.2.1
348 verbose linkMans bindings@1.2.1
349 silly build nan@2.3.5
350 info linkStuff nan@2.3.5
351 silly linkStuff nan@2.3.5 has /Users/vangos/Development/git/meteorjs/seed-admin-meteorjs/node_modules as its parent node_modules
352 verbose linkBins nan@2.3.5
353 verbose linkMans nan@2.3.5
354 silly build bcrypt@0.8.7
355 info linkStuff bcrypt@0.8.7
356 silly linkStuff bcrypt@0.8.7 has /Users/vangos/Development/git/meteorjs/seed-admin-meteorjs/node_modules as its parent node_modules
357 verbose linkBins bcrypt@0.8.7
358 verbose linkMans bcrypt@0.8.7
359 silly doSerial global-link 0
360 silly doParallel update-linked 0
361 silly doSerial install 3
362 silly install bindings@1.2.1 /Users/vangos/Development/git/meteorjs/seed-admin-meteorjs/node_modules/.staging/bindings-e329cae5fd2083636544d82c70feb3bf
363 info lifecycle bindings@1.2.1~install: bindings@1.2.1
364 silly lifecycle bindings@1.2.1~install: no script for install, continuing
365 silly install nan@2.3.5 /Users/vangos/Development/git/meteorjs/seed-admin-meteorjs/node_modules/.staging/nan-0aed6c4922c478ea9a4f4bb8bf57fddd
366 info lifecycle nan@2.3.5~install: nan@2.3.5
367 silly lifecycle nan@2.3.5~install: no script for install, continuing
368 silly install bcrypt@0.8.7 /Users/vangos/Development/git/meteorjs/seed-admin-meteorjs/node_modules/.staging/bcrypt-ae0d80eccda8d84298969129b2c43e5a
369 info lifecycle bcrypt@0.8.7~install: bcrypt@0.8.7
370 verbose lifecycle bcrypt@0.8.7~install: unsafe-perm in lifecycle true
371 verbose lifecycle bcrypt@0.8.7~install: PATH: /usr/local/lib/node_modules/npm/bin/node-gyp-bin:/Users/vangos/Development/git/meteorjs/seed-admin-meteorjs/node_modules/bcrypt/node_modules/.bin:/Users/vangos/Development/git/meteorjs/seed-admin-meteorjs/node_modules/.bin:/Library/Frameworks/Python.framework/Versions/2.7/bin:/Library/Java/JavaVirtualMachines/jdk1.7.0_80.jdk/Contents/Home/bin:/Users/vangos/Development/mvn/apache-maven-3.3.9/bin:/usr/local/bin:/usr/bin:/bin:/usr/sbin:/sbin
372 verbose lifecycle bcrypt@0.8.7~install: CWD: /Users/vangos/Development/git/meteorjs/seed-admin-meteorjs/node_modules/bcrypt
373 silly lifecycle bcrypt@0.8.7~install: Args: [ '-c', 'node-gyp rebuild' ]
374 silly lifecycle bcrypt@0.8.7~install: Returned: code: 1  signal: null
375 info lifecycle bcrypt@0.8.7~install: Failed to exec install script
376 verbose unlock done using /Users/vangos/.npm/_locks/staging-ff7c4f3571b9956e.lock for /Users/vangos/Development/git/meteorjs/seed-admin-meteorjs/node_modules/.staging
377 silly rollbackFailedOptional Starting
378 silly rollbackFailedOptional Finishing
379 silly runTopLevelLifecycles Starting
380 silly runTopLevelLifecycles Finishing
381 silly install printInstalled
382 verbose stack Error: bcrypt@0.8.7 install: `node-gyp rebuild`
382 verbose stack Exit status 1
382 verbose stack     at EventEmitter.<anonymous> (/usr/local/lib/node_modules/npm/lib/utils/lifecycle.js:232:16)
382 verbose stack     at emitTwo (events.js:87:13)
382 verbose stack     at EventEmitter.emit (events.js:172:7)
382 verbose stack     at ChildProcess.<anonymous> (/usr/local/lib/node_modules/npm/lib/utils/spawn.js:24:14)
382 verbose stack     at emitTwo (events.js:87:13)
382 verbose stack     at ChildProcess.emit (events.js:172:7)
382 verbose stack     at maybeClose (internal/child_process.js:818:16)
382 verbose stack     at Process.ChildProcess._handle.onexit (internal/child_process.js:211:5)
383 verbose pkgid bcrypt@0.8.7
384 verbose cwd /Users/vangos/Development/git/meteorjs/seed-admin-meteorjs
385 error Darwin 16.1.0
386 error argv "/usr/local/bin/node" "/usr/local/bin/npm" "install" "--save" "bcrypt"
387 error node v5.1.0
388 error npm  v3.3.12
389 error code ELIFECYCLE
390 error bcrypt@0.8.7 install: `node-gyp rebuild`
390 error Exit status 1
391 error Failed at the bcrypt@0.8.7 install script 'node-gyp rebuild'.
391 error Make sure you have the latest version of node.js and npm installed.
391 error If you do, this is most likely a problem with the bcrypt package,
391 error not with npm itself.
391 error Tell the author that this fails on your system:
391 error     node-gyp rebuild
391 error You can get their info via:
391 error     npm owner ls bcrypt
391 error There is likely additional logging output above.
392 verbose exit [ 1, true ]
